2018-05-17 06:37:28 [172.18.0.1][-][-][warning][yii\debug\Module::checkAccess] Access to debugger is denied due to IP address restriction. The requesting IP address is 172.18.0.1
    in /application/frontend/views/layouts/main.php:80
    in /application/frontend/controllers/SiteController.php:75
2018-05-17 06:37:28 [172.18.0.1][-][-][warning][yii\debug\Module::checkAccess] Access to debugger is denied due to IP address restriction. The requesting IP address is 172.18.0.1
2018-05-17 06:37:27 [172.18.0.1][-][-][info][application] $_GET = []

$_POST = []

$_FILES = []

$_COOKIE = [
    '_csrf-backend' => '734fec35b1caec6aba1cdff7c7964e8f2995b792030d7bda918ad5b169562c37a:2:{i:0;s:13:\"_csrf-backend\";i:1;s:32:\"gjZI6KVRTyd8JJtKJGLn6sEv24Po9snC\";}'
    'advanced-backend' => '073gshnh1nc1i7vf382lki0hu1'
]

$_SESSION = [
    '__flash' => []
]

$_SERVER = [
    'HTTP_HOST' => 'frontend.dev'
    'HTTP_ACCEPT' => 'text/html,application/xhtml+xml,application/xml;q=0.9,*/*;q=0.8'
    'HTTP_UPGRADE_INSECURE_REQUESTS' => '1'
    'HTTP_COOKIE' => '_csrf-backend=734fec35b1caec6aba1cdff7c7964e8f2995b792030d7bda918ad5b169562c37a%3A2%3A%7Bi%3A0%3Bs%3A13%3A%22_csrf-backend%22%3Bi%3A1%3Bs%3A32%3A%22gjZI6KVRTyd8JJtKJGLn6sEv24Po9snC%22%3B%7D; advanced-backend=073gshnh1nc1i7vf382lki0hu1'
    'HTTP_USER_AGENT' => 'Mozilla/5.0 (Macintosh; Intel Mac OS X 10_12_6) AppleWebKit/603.3.8 (KHTML, like Gecko) Version/10.1.2 Safari/603.3.8'
    'HTTP_ACCEPT_LANGUAGE' => 'en-us'
    'HTTP_ACCEPT_ENCODING' => 'gzip, deflate'
    'HTTP_CONNECTION' => 'keep-alive'
    'PATH' => '/usr/local/sbin:/usr/local/bin:/usr/sbin:/usr/bin:/sbin:/bin'
    'SERVER_SIGNATURE' => '<address>Apache/2.4.7 (Ubuntu) Server at frontend.dev Port 80</address>
'
    'SERVER_SOFTWARE' => 'Apache/2.4.7 (Ubuntu)'
    'SERVER_NAME' => 'frontend.dev'
    'SERVER_ADDR' => '172.18.0.2'
    'SERVER_PORT' => '80'
    'REMOTE_ADDR' => '172.18.0.1'
    'DOCUMENT_ROOT' => '/application/frontend/web'
    'REQUEST_SCHEME' => 'http'
    'CONTEXT_PREFIX' => ''
    'CONTEXT_DOCUMENT_ROOT' => '/application/frontend/web'
    'SERVER_ADMIN' => '[no address given]'
    'SCRIPT_FILENAME' => '/application/frontend/web/index.php'
    'REMOTE_PORT' => '44176'
    'GATEWAY_INTERFACE' => 'CGI/1.1'
    'SERVER_PROTOCOL' => 'HTTP/1.1'
    'REQUEST_METHOD' => 'GET'
    'QUERY_STRING' => ''
    'REQUEST_URI' => '/'
    'SCRIPT_NAME' => '/index.php'
    'PHP_SELF' => '/index.php'
    'REQUEST_TIME_FLOAT' => 1526539047.833
    'REQUEST_TIME' => 1526539047
]
2018-05-17 06:59:53 [172.18.0.1][-][-][warning][yii\debug\Module::checkAccess] Access to debugger is denied due to IP address restriction. The requesting IP address is 172.18.0.1
    in /application/frontend/views/layouts/main.php:80
    in /application/frontend/controllers/SiteController.php:132
2018-05-17 06:59:53 [172.18.0.1][-][-][warning][yii\debug\Module::checkAccess] Access to debugger is denied due to IP address restriction. The requesting IP address is 172.18.0.1
2018-05-17 06:59:53 [172.18.0.1][-][-][info][application] $_GET = [
    'r' => 'site/contact'
]

$_POST = []

$_FILES = []

$_COOKIE = [
    '_csrf-frontend' => '242d3401e5531445bfe87809b09124b6d96378abc5e47e2b60be755ad0659a92a:2:{i:0;s:14:\"_csrf-frontend\";i:1;s:32:\"pPHIG1BXaTi3v0UTPA0XC9jtLThbAgep\";}'
    'advanced-frontend' => 'tu8eeijcigdsunn0i00lgr9bh7'
    '_csrf-backend' => '734fec35b1caec6aba1cdff7c7964e8f2995b792030d7bda918ad5b169562c37a:2:{i:0;s:13:\"_csrf-backend\";i:1;s:32:\"gjZI6KVRTyd8JJtKJGLn6sEv24Po9snC\";}'
    'advanced-backend' => '073gshnh1nc1i7vf382lki0hu1'
]

$_SESSION = [
    '__flash' => []
    '__captcha/site/captcha' => 'bouowo'
    '__captcha/site/captchacount' => 1
]

$_SERVER = [
    'HTTP_HOST' => 'frontend.dev'
    'HTTP_COOKIE' => '_csrf-frontend=242d3401e5531445bfe87809b09124b6d96378abc5e47e2b60be755ad0659a92a%3A2%3A%7Bi%3A0%3Bs%3A14%3A%22_csrf-frontend%22%3Bi%3A1%3Bs%3A32%3A%22pPHIG1BXaTi3v0UTPA0XC9jtLThbAgep%22%3B%7D; advanced-frontend=tu8eeijcigdsunn0i00lgr9bh7; _csrf-backend=734fec35b1caec6aba1cdff7c7964e8f2995b792030d7bda918ad5b169562c37a%3A2%3A%7Bi%3A0%3Bs%3A13%3A%22_csrf-backend%22%3Bi%3A1%3Bs%3A32%3A%22gjZI6KVRTyd8JJtKJGLn6sEv24Po9snC%22%3B%7D; advanced-backend=073gshnh1nc1i7vf382lki0hu1'
    'HTTP_CONNECTION' => 'keep-alive'
    'HTTP_UPGRADE_INSECURE_REQUESTS' => '1'
    'HTTP_ACCEPT' => 'text/html,application/xhtml+xml,application/xml;q=0.9,*/*;q=0.8'
    'HTTP_USER_AGENT' => 'Mozilla/5.0 (Macintosh; Intel Mac OS X 10_12_6) AppleWebKit/603.3.8 (KHTML, like Gecko) Version/10.1.2 Safari/603.3.8'
    'HTTP_REFERER' => 'http://frontend.dev/'
    'HTTP_ACCEPT_LANGUAGE' => 'en-us'
    'HTTP_ACCEPT_ENCODING' => 'gzip, deflate'
    'PATH' => '/usr/local/sbin:/usr/local/bin:/usr/sbin:/usr/bin:/sbin:/bin'
    'SERVER_SIGNATURE' => '<address>Apache/2.4.7 (Ubuntu) Server at frontend.dev Port 80</address>
'
    'SERVER_SOFTWARE' => 'Apache/2.4.7 (Ubuntu)'
    'SERVER_NAME' => 'frontend.dev'
    'SERVER_ADDR' => '172.18.0.2'
    'SERVER_PORT' => '80'
    'REMOTE_ADDR' => '172.18.0.1'
    'DOCUMENT_ROOT' => '/application/frontend/web'
    'REQUEST_SCHEME' => 'http'
    'CONTEXT_PREFIX' => ''
    'CONTEXT_DOCUMENT_ROOT' => '/application/frontend/web'
    'SERVER_ADMIN' => '[no address given]'
    'SCRIPT_FILENAME' => '/application/frontend/web/index.php'
    'REMOTE_PORT' => '44190'
    'GATEWAY_INTERFACE' => 'CGI/1.1'
    'SERVER_PROTOCOL' => 'HTTP/1.1'
    'REQUEST_METHOD' => 'GET'
    'QUERY_STRING' => 'r=site%2Fcontact'
    'REQUEST_URI' => '/index.php?r=site%2Fcontact'
    'SCRIPT_NAME' => '/index.php'
    'PHP_SELF' => '/index.php'
    'REQUEST_TIME_FLOAT' => 1526540393.53
    'REQUEST_TIME' => 1526540393
]
2018-05-17 06:59:54 [172.18.0.1][-][-][warning][yii\debug\Module::checkAccess] Access to debugger is denied due to IP address restriction. The requesting IP address is 172.18.0.1
2018-05-17 06:59:53 [172.18.0.1][-][-][info][application] $_GET = [
    'r' => 'site/captcha'
    'v' => '5afd2869d85db4.02783346'
]

$_POST = []

$_FILES = []

$_COOKIE = [
    '_csrf-frontend' => '242d3401e5531445bfe87809b09124b6d96378abc5e47e2b60be755ad0659a92a:2:{i:0;s:14:\"_csrf-frontend\";i:1;s:32:\"pPHIG1BXaTi3v0UTPA0XC9jtLThbAgep\";}'
    'advanced-frontend' => 'tu8eeijcigdsunn0i00lgr9bh7'
    '_csrf-backend' => '734fec35b1caec6aba1cdff7c7964e8f2995b792030d7bda918ad5b169562c37a:2:{i:0;s:13:\"_csrf-backend\";i:1;s:32:\"gjZI6KVRTyd8JJtKJGLn6sEv24Po9snC\";}'
    'advanced-backend' => '073gshnh1nc1i7vf382lki0hu1'
]

$_SESSION = [
    '__flash' => []
    '__captcha/site/captcha' => 'bouowo'
    '__captcha/site/captchacount' => 1
]

$_SERVER = [
    'HTTP_HOST' => 'frontend.dev'
    'HTTP_ACCEPT' => 'image/png,image/svg+xml,image/*;q=0.8,*/*;q=0.5'
    'HTTP_CONNECTION' => 'keep-alive'
    'HTTP_COOKIE' => '_csrf-frontend=242d3401e5531445bfe87809b09124b6d96378abc5e47e2b60be755ad0659a92a%3A2%3A%7Bi%3A0%3Bs%3A14%3A%22_csrf-frontend%22%3Bi%3A1%3Bs%3A32%3A%22pPHIG1BXaTi3v0UTPA0XC9jtLThbAgep%22%3B%7D; advanced-frontend=tu8eeijcigdsunn0i00lgr9bh7; _csrf-backend=734fec35b1caec6aba1cdff7c7964e8f2995b792030d7bda918ad5b169562c37a%3A2%3A%7Bi%3A0%3Bs%3A13%3A%22_csrf-backend%22%3Bi%3A1%3Bs%3A32%3A%22gjZI6KVRTyd8JJtKJGLn6sEv24Po9snC%22%3B%7D; advanced-backend=073gshnh1nc1i7vf382lki0hu1'
    'HTTP_USER_AGENT' => 'Mozilla/5.0 (Macintosh; Intel Mac OS X 10_12_6) AppleWebKit/603.3.8 (KHTML, like Gecko) Version/10.1.2 Safari/603.3.8'
    'HTTP_ACCEPT_LANGUAGE' => 'en-us'
    'HTTP_REFERER' => 'http://frontend.dev/index.php?r=site%2Fcontact'
    'HTTP_ACCEPT_ENCODING' => 'gzip, deflate'
    'PATH' => '/usr/local/sbin:/usr/local/bin:/usr/sbin:/usr/bin:/sbin:/bin'
    'SERVER_SIGNATURE' => '<address>Apache/2.4.7 (Ubuntu) Server at frontend.dev Port 80</address>
'
    'SERVER_SOFTWARE' => 'Apache/2.4.7 (Ubuntu)'
    'SERVER_NAME' => 'frontend.dev'
    'SERVER_ADDR' => '172.18.0.2'
    'SERVER_PORT' => '80'
    'REMOTE_ADDR' => '172.18.0.1'
    'DOCUMENT_ROOT' => '/application/frontend/web'
    'REQUEST_SCHEME' => 'http'
    'CONTEXT_PREFIX' => ''
    'CONTEXT_DOCUMENT_ROOT' => '/application/frontend/web'
    'SERVER_ADMIN' => '[no address given]'
    'SCRIPT_FILENAME' => '/application/frontend/web/index.php'
    'REMOTE_PORT' => '44190'
    'GATEWAY_INTERFACE' => 'CGI/1.1'
    'SERVER_PROTOCOL' => 'HTTP/1.1'
    'REQUEST_METHOD' => 'GET'
    'QUERY_STRING' => 'r=site%2Fcaptcha&v=5afd2869d85db4.02783346'
    'REQUEST_URI' => '/index.php?r=site%2Fcaptcha&v=5afd2869d85db4.02783346'
    'SCRIPT_NAME' => '/index.php'
    'PHP_SELF' => '/index.php'
    'REQUEST_TIME_FLOAT' => 1526540393.973
    'REQUEST_TIME' => 1526540393
]
2018-05-17 07:00:09 [172.18.0.1][-][-][warning][yii\debug\Module::checkAccess] Access to debugger is denied due to IP address restriction. The requesting IP address is 172.18.0.1
    in /application/frontend/views/layouts/main.php:80
    in /application/frontend/controllers/SiteController.php:164
2018-05-17 07:00:09 [172.18.0.1][-][-][warning][yii\debug\Module::checkAccess] Access to debugger is denied due to IP address restriction. The requesting IP address is 172.18.0.1
2018-05-17 07:00:09 [172.18.0.1][-][-][info][application] $_GET = [
    'r' => 'site/signup'
]

$_POST = []

$_FILES = []

$_COOKIE = [
    '_csrf-frontend' => '242d3401e5531445bfe87809b09124b6d96378abc5e47e2b60be755ad0659a92a:2:{i:0;s:14:\"_csrf-frontend\";i:1;s:32:\"pPHIG1BXaTi3v0UTPA0XC9jtLThbAgep\";}'
    'advanced-frontend' => 'tu8eeijcigdsunn0i00lgr9bh7'
    '_csrf-backend' => '734fec35b1caec6aba1cdff7c7964e8f2995b792030d7bda918ad5b169562c37a:2:{i:0;s:13:\"_csrf-backend\";i:1;s:32:\"gjZI6KVRTyd8JJtKJGLn6sEv24Po9snC\";}'
    'advanced-backend' => '073gshnh1nc1i7vf382lki0hu1'
]

$_SESSION = [
    '__flash' => []
    '__captcha/site/captcha' => 'bouowo'
    '__captcha/site/captchacount' => 1
]

$_SERVER = [
    'HTTP_HOST' => 'frontend.dev'
    'HTTP_COOKIE' => '_csrf-frontend=242d3401e5531445bfe87809b09124b6d96378abc5e47e2b60be755ad0659a92a%3A2%3A%7Bi%3A0%3Bs%3A14%3A%22_csrf-frontend%22%3Bi%3A1%3Bs%3A32%3A%22pPHIG1BXaTi3v0UTPA0XC9jtLThbAgep%22%3B%7D; advanced-frontend=tu8eeijcigdsunn0i00lgr9bh7; _csrf-backend=734fec35b1caec6aba1cdff7c7964e8f2995b792030d7bda918ad5b169562c37a%3A2%3A%7Bi%3A0%3Bs%3A13%3A%22_csrf-backend%22%3Bi%3A1%3Bs%3A32%3A%22gjZI6KVRTyd8JJtKJGLn6sEv24Po9snC%22%3B%7D; advanced-backend=073gshnh1nc1i7vf382lki0hu1'
    'HTTP_CONNECTION' => 'keep-alive'
    'HTTP_UPGRADE_INSECURE_REQUESTS' => '1'
    'HTTP_ACCEPT' => 'text/html,application/xhtml+xml,application/xml;q=0.9,*/*;q=0.8'
    'HTTP_USER_AGENT' => 'Mozilla/5.0 (Macintosh; Intel Mac OS X 10_12_6) AppleWebKit/603.3.8 (KHTML, like Gecko) Version/10.1.2 Safari/603.3.8'
    'HTTP_REFERER' => 'http://frontend.dev/index.php?r=site%2Fcontact'
    'HTTP_ACCEPT_LANGUAGE' => 'en-us'
    'HTTP_ACCEPT_ENCODING' => 'gzip, deflate'
    'PATH' => '/usr/local/sbin:/usr/local/bin:/usr/sbin:/usr/bin:/sbin:/bin'
    'SERVER_SIGNATURE' => '<address>Apache/2.4.7 (Ubuntu) Server at frontend.dev Port 80</address>
'
    'SERVER_SOFTWARE' => 'Apache/2.4.7 (Ubuntu)'
    'SERVER_NAME' => 'frontend.dev'
    'SERVER_ADDR' => '172.18.0.2'
    'SERVER_PORT' => '80'
    'REMOTE_ADDR' => '172.18.0.1'
    'DOCUMENT_ROOT' => '/application/frontend/web'
    'REQUEST_SCHEME' => 'http'
    'CONTEXT_PREFIX' => ''
    'CONTEXT_DOCUMENT_ROOT' => '/application/frontend/web'
    'SERVER_ADMIN' => '[no address given]'
    'SCRIPT_FILENAME' => '/application/frontend/web/index.php'
    'REMOTE_PORT' => '44204'
    'GATEWAY_INTERFACE' => 'CGI/1.1'
    'SERVER_PROTOCOL' => 'HTTP/1.1'
    'REQUEST_METHOD' => 'GET'
    'QUERY_STRING' => 'r=site%2Fsignup'
    'REQUEST_URI' => '/index.php?r=site%2Fsignup'
    'SCRIPT_NAME' => '/index.php'
    'PHP_SELF' => '/index.php'
    'REQUEST_TIME_FLOAT' => 1526540409.131
    'REQUEST_TIME' => 1526540409
]
2018-05-17 07:00:11 [172.18.0.1][-][-][warning][yii\debug\Module::checkAccess] Access to debugger is denied due to IP address restriction. The requesting IP address is 172.18.0.1
    in /application/frontend/views/layouts/main.php:80
    in /application/frontend/controllers/SiteController.php:143
2018-05-17 07:00:11 [172.18.0.1][-][-][warning][yii\debug\Module::checkAccess] Access to debugger is denied due to IP address restriction. The requesting IP address is 172.18.0.1
2018-05-17 07:00:11 [172.18.0.1][-][-][info][application] $_GET = [
    'r' => 'site/about'
]

$_POST = []

$_FILES = []

$_COOKIE = [
    '_csrf-frontend' => '242d3401e5531445bfe87809b09124b6d96378abc5e47e2b60be755ad0659a92a:2:{i:0;s:14:\"_csrf-frontend\";i:1;s:32:\"pPHIG1BXaTi3v0UTPA0XC9jtLThbAgep\";}'
    'advanced-frontend' => 'tu8eeijcigdsunn0i00lgr9bh7'
    '_csrf-backend' => '734fec35b1caec6aba1cdff7c7964e8f2995b792030d7bda918ad5b169562c37a:2:{i:0;s:13:\"_csrf-backend\";i:1;s:32:\"gjZI6KVRTyd8JJtKJGLn6sEv24Po9snC\";}'
    'advanced-backend' => '073gshnh1nc1i7vf382lki0hu1'
]

$_SESSION = [
    '__flash' => []
    '__captcha/site/captcha' => 'bouowo'
    '__captcha/site/captchacount' => 1
]

$_SERVER = [
    'HTTP_HOST' => 'frontend.dev'
    'HTTP_COOKIE' => '_csrf-frontend=242d3401e5531445bfe87809b09124b6d96378abc5e47e2b60be755ad0659a92a%3A2%3A%7Bi%3A0%3Bs%3A14%3A%22_csrf-frontend%22%3Bi%3A1%3Bs%3A32%3A%22pPHIG1BXaTi3v0UTPA0XC9jtLThbAgep%22%3B%7D; advanced-frontend=tu8eeijcigdsunn0i00lgr9bh7; _csrf-backend=734fec35b1caec6aba1cdff7c7964e8f2995b792030d7bda918ad5b169562c37a%3A2%3A%7Bi%3A0%3Bs%3A13%3A%22_csrf-backend%22%3Bi%3A1%3Bs%3A32%3A%22gjZI6KVRTyd8JJtKJGLn6sEv24Po9snC%22%3B%7D; advanced-backend=073gshnh1nc1i7vf382lki0hu1'
    'HTTP_CONNECTION' => 'keep-alive'
    'HTTP_UPGRADE_INSECURE_REQUESTS' => '1'
    'HTTP_ACCEPT' => 'text/html,application/xhtml+xml,application/xml;q=0.9,*/*;q=0.8'
    'HTTP_USER_AGENT' => 'Mozilla/5.0 (Macintosh; Intel Mac OS X 10_12_6) AppleWebKit/603.3.8 (KHTML, like Gecko) Version/10.1.2 Safari/603.3.8'
    'HTTP_REFERER' => 'http://frontend.dev/index.php?r=site%2Fsignup'
    'HTTP_ACCEPT_LANGUAGE' => 'en-us'
    'HTTP_ACCEPT_ENCODING' => 'gzip, deflate'
    'PATH' => '/usr/local/sbin:/usr/local/bin:/usr/sbin:/usr/bin:/sbin:/bin'
    'SERVER_SIGNATURE' => '<address>Apache/2.4.7 (Ubuntu) Server at frontend.dev Port 80</address>
'
    'SERVER_SOFTWARE' => 'Apache/2.4.7 (Ubuntu)'
    'SERVER_NAME' => 'frontend.dev'
    'SERVER_ADDR' => '172.18.0.2'
    'SERVER_PORT' => '80'
    'REMOTE_ADDR' => '172.18.0.1'
    'DOCUMENT_ROOT' => '/application/frontend/web'
    'REQUEST_SCHEME' => 'http'
    'CONTEXT_PREFIX' => ''
    'CONTEXT_DOCUMENT_ROOT' => '/application/frontend/web'
    'SERVER_ADMIN' => '[no address given]'
    'SCRIPT_FILENAME' => '/application/frontend/web/index.php'
    'REMOTE_PORT' => '44204'
    'GATEWAY_INTERFACE' => 'CGI/1.1'
    'SERVER_PROTOCOL' => 'HTTP/1.1'
    'REQUEST_METHOD' => 'GET'
    'QUERY_STRING' => 'r=site%2Fabout'
    'REQUEST_URI' => '/index.php?r=site%2Fabout'
    'SCRIPT_NAME' => '/index.php'
    'PHP_SELF' => '/index.php'
    'REQUEST_TIME_FLOAT' => 1526540411.825
    'REQUEST_TIME' => 1526540411
]
2018-05-17 07:00:14 [172.18.0.1][-][-][warning][yii\debug\Module::checkAccess] Access to debugger is denied due to IP address restriction. The requesting IP address is 172.18.0.1
    in /application/frontend/views/layouts/main.php:80
    in /application/frontend/controllers/SiteController.php:97
2018-05-17 07:00:14 [172.18.0.1][-][-][warning][yii\debug\Module::checkAccess] Access to debugger is denied due to IP address restriction. The requesting IP address is 172.18.0.1
2018-05-17 07:00:13 [172.18.0.1][-][-][info][application] $_GET = [
    'r' => 'site/login'
]

$_POST = []

$_FILES = []

$_COOKIE = [
    '_csrf-frontend' => '242d3401e5531445bfe87809b09124b6d96378abc5e47e2b60be755ad0659a92a:2:{i:0;s:14:\"_csrf-frontend\";i:1;s:32:\"pPHIG1BXaTi3v0UTPA0XC9jtLThbAgep\";}'
    'advanced-frontend' => 'tu8eeijcigdsunn0i00lgr9bh7'
    '_csrf-backend' => '734fec35b1caec6aba1cdff7c7964e8f2995b792030d7bda918ad5b169562c37a:2:{i:0;s:13:\"_csrf-backend\";i:1;s:32:\"gjZI6KVRTyd8JJtKJGLn6sEv24Po9snC\";}'
    'advanced-backend' => '073gshnh1nc1i7vf382lki0hu1'
]

$_SESSION = [
    '__flash' => []
    '__captcha/site/captcha' => 'bouowo'
    '__captcha/site/captchacount' => 1
]

$_SERVER = [
    'HTTP_HOST' => 'frontend.dev'
    'HTTP_COOKIE' => '_csrf-frontend=242d3401e5531445bfe87809b09124b6d96378abc5e47e2b60be755ad0659a92a%3A2%3A%7Bi%3A0%3Bs%3A14%3A%22_csrf-frontend%22%3Bi%3A1%3Bs%3A32%3A%22pPHIG1BXaTi3v0UTPA0XC9jtLThbAgep%22%3B%7D; advanced-frontend=tu8eeijcigdsunn0i00lgr9bh7; _csrf-backend=734fec35b1caec6aba1cdff7c7964e8f2995b792030d7bda918ad5b169562c37a%3A2%3A%7Bi%3A0%3Bs%3A13%3A%22_csrf-backend%22%3Bi%3A1%3Bs%3A32%3A%22gjZI6KVRTyd8JJtKJGLn6sEv24Po9snC%22%3B%7D; advanced-backend=073gshnh1nc1i7vf382lki0hu1'
    'HTTP_CONNECTION' => 'keep-alive'
    'HTTP_UPGRADE_INSECURE_REQUESTS' => '1'
    'HTTP_ACCEPT' => 'text/html,application/xhtml+xml,application/xml;q=0.9,*/*;q=0.8'
    'HTTP_USER_AGENT' => 'Mozilla/5.0 (Macintosh; Intel Mac OS X 10_12_6) AppleWebKit/603.3.8 (KHTML, like Gecko) Version/10.1.2 Safari/603.3.8'
    'HTTP_REFERER' => 'http://frontend.dev/index.php?r=site%2Fabout'
    'HTTP_ACCEPT_LANGUAGE' => 'en-us'
    'HTTP_ACCEPT_ENCODING' => 'gzip, deflate'
    'PATH' => '/usr/local/sbin:/usr/local/bin:/usr/sbin:/usr/bin:/sbin:/bin'
    'SERVER_SIGNATURE' => '<address>Apache/2.4.7 (Ubuntu) Server at frontend.dev Port 80</address>
'
    'SERVER_SOFTWARE' => 'Apache/2.4.7 (Ubuntu)'
    'SERVER_NAME' => 'frontend.dev'
    'SERVER_ADDR' => '172.18.0.2'
    'SERVER_PORT' => '80'
    'REMOTE_ADDR' => '172.18.0.1'
    'DOCUMENT_ROOT' => '/application/frontend/web'
    'REQUEST_SCHEME' => 'http'
    'CONTEXT_PREFIX' => ''
    'CONTEXT_DOCUMENT_ROOT' => '/application/frontend/web'
    'SERVER_ADMIN' => '[no address given]'
    'SCRIPT_FILENAME' => '/application/frontend/web/index.php'
    'REMOTE_PORT' => '44204'
    'GATEWAY_INTERFACE' => 'CGI/1.1'
    'SERVER_PROTOCOL' => 'HTTP/1.1'
    'REQUEST_METHOD' => 'GET'
    'QUERY_STRING' => 'r=site%2Flogin'
    'REQUEST_URI' => '/index.php?r=site%2Flogin'
    'SCRIPT_NAME' => '/index.php'
    'PHP_SELF' => '/index.php'
    'REQUEST_TIME_FLOAT' => 1526540413.89
    'REQUEST_TIME' => 1526540413
]
2018-05-17 12:08:54 [172.18.0.1][-][-][warning][yii\debug\Module::checkAccess] Access to debugger is denied due to IP address restriction. The requesting IP address is 172.18.0.1
    in /application/frontend/views/layouts/main.php:80
    in /application/frontend/controllers/SiteController.php:75
2018-05-17 12:08:54 [172.18.0.1][-][-][warning][yii\debug\Module::checkAccess] Access to debugger is denied due to IP address restriction. The requesting IP address is 172.18.0.1
2018-05-17 12:08:53 [172.18.0.1][-][-][info][application] $_GET = []

$_POST = []

$_FILES = []

$_COOKIE = [
    '_csrf-frontend' => '242d3401e5531445bfe87809b09124b6d96378abc5e47e2b60be755ad0659a92a:2:{i:0;s:14:\"_csrf-frontend\";i:1;s:32:\"pPHIG1BXaTi3v0UTPA0XC9jtLThbAgep\";}'
    'advanced-frontend' => 'tu8eeijcigdsunn0i00lgr9bh7'
    '_csrf-backend' => '734fec35b1caec6aba1cdff7c7964e8f2995b792030d7bda918ad5b169562c37a:2:{i:0;s:13:\"_csrf-backend\";i:1;s:32:\"gjZI6KVRTyd8JJtKJGLn6sEv24Po9snC\";}'
    'advanced-backend' => '073gshnh1nc1i7vf382lki0hu1'
]

$_SESSION = [
    '__flash' => []
]

$_SERVER = [
    'HTTP_HOST' => 'frontend.dev'
    'HTTP_ACCEPT' => 'text/html,application/xhtml+xml,application/xml;q=0.9,*/*;q=0.8'
    'HTTP_UPGRADE_INSECURE_REQUESTS' => '1'
    'HTTP_COOKIE' => '_csrf-frontend=242d3401e5531445bfe87809b09124b6d96378abc5e47e2b60be755ad0659a92a%3A2%3A%7Bi%3A0%3Bs%3A14%3A%22_csrf-frontend%22%3Bi%3A1%3Bs%3A32%3A%22pPHIG1BXaTi3v0UTPA0XC9jtLThbAgep%22%3B%7D; advanced-frontend=tu8eeijcigdsunn0i00lgr9bh7; _csrf-backend=734fec35b1caec6aba1cdff7c7964e8f2995b792030d7bda918ad5b169562c37a%3A2%3A%7Bi%3A0%3Bs%3A13%3A%22_csrf-backend%22%3Bi%3A1%3Bs%3A32%3A%22gjZI6KVRTyd8JJtKJGLn6sEv24Po9snC%22%3B%7D; advanced-backend=073gshnh1nc1i7vf382lki0hu1'
    'HTTP_USER_AGENT' => 'Mozilla/5.0 (Macintosh; Intel Mac OS X 10_12_6) AppleWebKit/603.3.8 (KHTML, like Gecko) Version/10.1.2 Safari/603.3.8'
    'HTTP_ACCEPT_LANGUAGE' => 'en-us'
    'HTTP_ACCEPT_ENCODING' => 'gzip, deflate'
    'HTTP_CONNECTION' => 'keep-alive'
    'PATH' => '/usr/local/sbin:/usr/local/bin:/usr/sbin:/usr/bin:/sbin:/bin'
    'SERVER_SIGNATURE' => '<address>Apache/2.4.7 (Ubuntu) Server at frontend.dev Port 80</address>
'
    'SERVER_SOFTWARE' => 'Apache/2.4.7 (Ubuntu)'
    'SERVER_NAME' => 'frontend.dev'
    'SERVER_ADDR' => '172.18.0.3'
    'SERVER_PORT' => '80'
    'REMOTE_ADDR' => '172.18.0.1'
    'DOCUMENT_ROOT' => '/application/frontend/web'
    'REQUEST_SCHEME' => 'http'
    'CONTEXT_PREFIX' => ''
    'CONTEXT_DOCUMENT_ROOT' => '/application/frontend/web'
    'SERVER_ADMIN' => '[no address given]'
    'SCRIPT_FILENAME' => '/application/frontend/web/index.php'
    'REMOTE_PORT' => '55602'
    'GATEWAY_INTERFACE' => 'CGI/1.1'
    'SERVER_PROTOCOL' => 'HTTP/1.1'
    'REQUEST_METHOD' => 'GET'
    'QUERY_STRING' => ''
    'REQUEST_URI' => '/'
    'SCRIPT_NAME' => '/index.php'
    'PHP_SELF' => '/index.php'
    'REQUEST_TIME_FLOAT' => 1526558933.858
    'REQUEST_TIME' => 1526558933
]
2018-05-17 12:08:59 [172.18.0.1][-][-][warning][yii\debug\Module::checkAccess] Access to debugger is denied due to IP address restriction. The requesting IP address is 172.18.0.1
    in /application/frontend/views/layouts/main.php:80
    in /application/frontend/controllers/SiteController.php:164
2018-05-17 12:08:59 [172.18.0.1][-][-][warning][yii\debug\Module::checkAccess] Access to debugger is denied due to IP address restriction. The requesting IP address is 172.18.0.1
2018-05-17 12:08:58 [172.18.0.1][-][-][info][application] $_GET = [
    'r' => 'site/signup'
]

$_POST = []

$_FILES = []

$_COOKIE = [
    '_csrf-frontend' => '242d3401e5531445bfe87809b09124b6d96378abc5e47e2b60be755ad0659a92a:2:{i:0;s:14:\"_csrf-frontend\";i:1;s:32:\"pPHIG1BXaTi3v0UTPA0XC9jtLThbAgep\";}'
    'advanced-frontend' => 'tu8eeijcigdsunn0i00lgr9bh7'
    '_csrf-backend' => '734fec35b1caec6aba1cdff7c7964e8f2995b792030d7bda918ad5b169562c37a:2:{i:0;s:13:\"_csrf-backend\";i:1;s:32:\"gjZI6KVRTyd8JJtKJGLn6sEv24Po9snC\";}'
    'advanced-backend' => '073gshnh1nc1i7vf382lki0hu1'
]

$_SESSION = [
    '__flash' => []
]

$_SERVER = [
    'HTTP_HOST' => 'frontend.dev'
    'HTTP_COOKIE' => '_csrf-frontend=242d3401e5531445bfe87809b09124b6d96378abc5e47e2b60be755ad0659a92a%3A2%3A%7Bi%3A0%3Bs%3A14%3A%22_csrf-frontend%22%3Bi%3A1%3Bs%3A32%3A%22pPHIG1BXaTi3v0UTPA0XC9jtLThbAgep%22%3B%7D; advanced-frontend=tu8eeijcigdsunn0i00lgr9bh7; _csrf-backend=734fec35b1caec6aba1cdff7c7964e8f2995b792030d7bda918ad5b169562c37a%3A2%3A%7Bi%3A0%3Bs%3A13%3A%22_csrf-backend%22%3Bi%3A1%3Bs%3A32%3A%22gjZI6KVRTyd8JJtKJGLn6sEv24Po9snC%22%3B%7D; advanced-backend=073gshnh1nc1i7vf382lki0hu1'
    'HTTP_CONNECTION' => 'keep-alive'
    'HTTP_UPGRADE_INSECURE_REQUESTS' => '1'
    'HTTP_ACCEPT' => 'text/html,application/xhtml+xml,application/xml;q=0.9,*/*;q=0.8'
    'HTTP_USER_AGENT' => 'Mozilla/5.0 (Macintosh; Intel Mac OS X 10_12_6) AppleWebKit/603.3.8 (KHTML, like Gecko) Version/10.1.2 Safari/603.3.8'
    'HTTP_REFERER' => 'http://frontend.dev/'
    'HTTP_ACCEPT_LANGUAGE' => 'en-us'
    'HTTP_ACCEPT_ENCODING' => 'gzip, deflate'
    'PATH' => '/usr/local/sbin:/usr/local/bin:/usr/sbin:/usr/bin:/sbin:/bin'
    'SERVER_SIGNATURE' => '<address>Apache/2.4.7 (Ubuntu) Server at frontend.dev Port 80</address>
'
    'SERVER_SOFTWARE' => 'Apache/2.4.7 (Ubuntu)'
    'SERVER_NAME' => 'frontend.dev'
    'SERVER_ADDR' => '172.18.0.3'
    'SERVER_PORT' => '80'
    'REMOTE_ADDR' => '172.18.0.1'
    'DOCUMENT_ROOT' => '/application/frontend/web'
    'REQUEST_SCHEME' => 'http'
    'CONTEXT_PREFIX' => ''
    'CONTEXT_DOCUMENT_ROOT' => '/application/frontend/web'
    'SERVER_ADMIN' => '[no address given]'
    'SCRIPT_FILENAME' => '/application/frontend/web/index.php'
    'REMOTE_PORT' => '55606'
    'GATEWAY_INTERFACE' => 'CGI/1.1'
    'SERVER_PROTOCOL' => 'HTTP/1.1'
    'REQUEST_METHOD' => 'GET'
    'QUERY_STRING' => 'r=site%2Fsignup'
    'REQUEST_URI' => '/index.php?r=site%2Fsignup'
    'SCRIPT_NAME' => '/index.php'
    'PHP_SELF' => '/index.php'
    'REQUEST_TIME_FLOAT' => 1526558938.911
    'REQUEST_TIME' => 1526558938
]
2018-05-17 12:09:23 [172.18.0.1][1][-][warning][yii\debug\Module::checkAccess] Access to debugger is denied due to IP address restriction. The requesting IP address is 172.18.0.1
2018-05-17 12:09:22 [172.18.0.1][1][-][info][application] $_GET = [
    'r' => 'site/signup'
]

$_POST = [
    '_csrf-frontend' => 'A3psfrU6oBbGH0GLkNT2MuPxcttGt9X8zzXnkEQ2EbVzKiQ38gviTqdLKLjm5KNms7BCgwWOv4iDYY_yBVF0xQ=='
    'SignupForm' => [
        'username' => 'vinaptri'
        'email' => 'vinayakt@iitk.ac.in'
        'password' => 'helloworld'
    ]
    'signup-button' => ''
]

$_FILES = []

$_COOKIE = [
    '_csrf-frontend' => '242d3401e5531445bfe87809b09124b6d96378abc5e47e2b60be755ad0659a92a:2:{i:0;s:14:\"_csrf-frontend\";i:1;s:32:\"pPHIG1BXaTi3v0UTPA0XC9jtLThbAgep\";}'
    'advanced-frontend' => 'tu8eeijcigdsunn0i00lgr9bh7'
    '_csrf-backend' => '734fec35b1caec6aba1cdff7c7964e8f2995b792030d7bda918ad5b169562c37a:2:{i:0;s:13:\"_csrf-backend\";i:1;s:32:\"gjZI6KVRTyd8JJtKJGLn6sEv24Po9snC\";}'
    'advanced-backend' => '073gshnh1nc1i7vf382lki0hu1'
]

$_SESSION = [
    '__flash' => []
    '__id' => 1
]

$_SERVER = [
    'HTTP_HOST' => 'frontend.dev'
    'HTTP_ACCEPT' => 'text/html,application/xhtml+xml,application/xml;q=0.9,*/*;q=0.8'
    'HTTP_ACCEPT_ENCODING' => 'gzip, deflate'
    'HTTP_ACCEPT_LANGUAGE' => 'en-us'
    'CONTENT_TYPE' => 'application/x-www-form-urlencoded'
    'HTTP_ORIGIN' => 'http://frontend.dev'
    'HTTP_USER_AGENT' => 'Mozilla/5.0 (Macintosh; Intel Mac OS X 10_12_6) AppleWebKit/603.3.8 (KHTML, like Gecko) Version/10.1.2 Safari/603.3.8'
    'HTTP_CONNECTION' => 'keep-alive'
    'HTTP_UPGRADE_INSECURE_REQUESTS' => '1'
    'HTTP_REFERER' => 'http://frontend.dev/index.php?r=site%2Fsignup'
    'CONTENT_LENGTH' => '236'
    'HTTP_COOKIE' => '_csrf-frontend=242d3401e5531445bfe87809b09124b6d96378abc5e47e2b60be755ad0659a92a%3A2%3A%7Bi%3A0%3Bs%3A14%3A%22_csrf-frontend%22%3Bi%3A1%3Bs%3A32%3A%22pPHIG1BXaTi3v0UTPA0XC9jtLThbAgep%22%3B%7D; advanced-frontend=tu8eeijcigdsunn0i00lgr9bh7; _csrf-backend=734fec35b1caec6aba1cdff7c7964e8f2995b792030d7bda918ad5b169562c37a%3A2%3A%7Bi%3A0%3Bs%3A13%3A%22_csrf-backend%22%3Bi%3A1%3Bs%3A32%3A%22gjZI6KVRTyd8JJtKJGLn6sEv24Po9snC%22%3B%7D; advanced-backend=073gshnh1nc1i7vf382lki0hu1'
    'PATH' => '/usr/local/sbin:/usr/local/bin:/usr/sbin:/usr/bin:/sbin:/bin'
    'SERVER_SIGNATURE' => '<address>Apache/2.4.7 (Ubuntu) Server at frontend.dev Port 80</address>
'
    'SERVER_SOFTWARE' => 'Apache/2.4.7 (Ubuntu)'
    'SERVER_NAME' => 'frontend.dev'
    'SERVER_ADDR' => '172.18.0.3'
    'SERVER_PORT' => '80'
    'REMOTE_ADDR' => '172.18.0.1'
    'DOCUMENT_ROOT' => '/application/frontend/web'
    'REQUEST_SCHEME' => 'http'
    'CONTEXT_PREFIX' => ''
    'CONTEXT_DOCUMENT_ROOT' => '/application/frontend/web'
    'SERVER_ADMIN' => '[no address given]'
    'SCRIPT_FILENAME' => '/application/frontend/web/index.php'
    'REMOTE_PORT' => '55618'
    'GATEWAY_INTERFACE' => 'CGI/1.1'
    'SERVER_PROTOCOL' => 'HTTP/1.1'
    'REQUEST_METHOD' => 'POST'
    'QUERY_STRING' => 'r=site%2Fsignup'
    'REQUEST_URI' => '/index.php?r=site%2Fsignup'
    'SCRIPT_NAME' => '/index.php'
    'PHP_SELF' => '/index.php'
    'REQUEST_TIME_FLOAT' => 1526558962.251
    'REQUEST_TIME' => 1526558962
]
2018-05-17 12:09:23 [172.18.0.1][1][-][warning][yii\debug\Module::checkAccess] Access to debugger is denied due to IP address restriction. The requesting IP address is 172.18.0.1
    in /application/frontend/views/layouts/main.php:80
    in /application/frontend/controllers/SiteController.php:75
2018-05-17 12:09:23 [172.18.0.1][1][-][warning][yii\debug\Module::checkAccess] Access to debugger is denied due to IP address restriction. The requesting IP address is 172.18.0.1
2018-05-17 12:09:23 [172.18.0.1][1][-][info][application] $_GET = []

$_POST = []

$_FILES = []

$_COOKIE = [
    '_csrf-frontend' => '86950a0c7712e50b8d74bcabb14fe89edc59428a306b3fdb8bbc819f2636d983a:2:{i:0;s:14:\"_csrf-frontend\";i:1;s:32:\"JRPJSd8QyUP1Kb3c13qWxxWRhrwpVBgI\";}'
    'advanced-frontend' => 'mamm1aisp0p43fc88qvhdnf6h5'
    '_csrf-backend' => '734fec35b1caec6aba1cdff7c7964e8f2995b792030d7bda918ad5b169562c37a:2:{i:0;s:13:\"_csrf-backend\";i:1;s:32:\"gjZI6KVRTyd8JJtKJGLn6sEv24Po9snC\";}'
    'advanced-backend' => '073gshnh1nc1i7vf382lki0hu1'
]

$_SESSION = [
    '__flash' => []
    '__id' => 1
]

$_SERVER = [
    'HTTP_HOST' => 'frontend.dev'
    'HTTP_ORIGIN' => 'http://frontend.dev'
    'HTTP_COOKIE' => '_csrf-frontend=86950a0c7712e50b8d74bcabb14fe89edc59428a306b3fdb8bbc819f2636d983a%3A2%3A%7Bi%3A0%3Bs%3A14%3A%22_csrf-frontend%22%3Bi%3A1%3Bs%3A32%3A%22JRPJSd8QyUP1Kb3c13qWxxWRhrwpVBgI%22%3B%7D; advanced-frontend=mamm1aisp0p43fc88qvhdnf6h5; _csrf-backend=734fec35b1caec6aba1cdff7c7964e8f2995b792030d7bda918ad5b169562c37a%3A2%3A%7Bi%3A0%3Bs%3A13%3A%22_csrf-backend%22%3Bi%3A1%3Bs%3A32%3A%22gjZI6KVRTyd8JJtKJGLn6sEv24Po9snC%22%3B%7D; advanced-backend=073gshnh1nc1i7vf382lki0hu1'
    'HTTP_CONNECTION' => 'keep-alive'
    'HTTP_UPGRADE_INSECURE_REQUESTS' => '1'
    'HTTP_ACCEPT' => 'text/html,application/xhtml+xml,application/xml;q=0.9,*/*;q=0.8'
    'HTTP_ACCEPT_LANGUAGE' => 'en-us'
    'HTTP_REFERER' => 'http://frontend.dev/index.php?r=site%2Fsignup'
    'HTTP_ACCEPT_ENCODING' => 'gzip, deflate'
    'HTTP_USER_AGENT' => 'Mozilla/5.0 (Macintosh; Intel Mac OS X 10_12_6) AppleWebKit/603.3.8 (KHTML, like Gecko) Version/10.1.2 Safari/603.3.8'
    'PATH' => '/usr/local/sbin:/usr/local/bin:/usr/sbin:/usr/bin:/sbin:/bin'
    'SERVER_SIGNATURE' => '<address>Apache/2.4.7 (Ubuntu) Server at frontend.dev Port 80</address>
'
    'SERVER_SOFTWARE' => 'Apache/2.4.7 (Ubuntu)'
    'SERVER_NAME' => 'frontend.dev'
    'SERVER_ADDR' => '172.18.0.3'
    'SERVER_PORT' => '80'
    'REMOTE_ADDR' => '172.18.0.1'
    'DOCUMENT_ROOT' => '/application/frontend/web'
    'REQUEST_SCHEME' => 'http'
    'CONTEXT_PREFIX' => ''
    'CONTEXT_DOCUMENT_ROOT' => '/application/frontend/web'
    'SERVER_ADMIN' => '[no address given]'
    'SCRIPT_FILENAME' => '/application/frontend/web/index.php'
    'REMOTE_PORT' => '55618'
    'GATEWAY_INTERFACE' => 'CGI/1.1'
    'SERVER_PROTOCOL' => 'HTTP/1.1'
    'REQUEST_METHOD' => 'GET'
    'QUERY_STRING' => ''
    'REQUEST_URI' => '/index.php'
    'SCRIPT_NAME' => '/index.php'
    'PHP_SELF' => '/index.php'
    'REQUEST_TIME_FLOAT' => 1526558963.222
    'REQUEST_TIME' => 1526558963
]
2018-05-17 12:10:00 [172.18.0.1][-][-][warning][yii\debug\Module::checkAccess] Access to debugger is denied due to IP address restriction. The requesting IP address is 172.18.0.1
2018-05-17 12:09:59 [172.18.0.1][-][-][info][application] $_GET = [
    'r' => 'site/logout'
]

$_POST = [
    '_csrf-frontend' => 'YZsjBlRfANaQ4idiLkc4kfqaSeexhWRAa3hAERHNWXkryXNMBzs4h-m3d1NlJQvyy6k4sMn9MxIDCjdhR48-MA=='
]

$_FILES = []

$_COOKIE = [
    '_csrf-frontend' => '86950a0c7712e50b8d74bcabb14fe89edc59428a306b3fdb8bbc819f2636d983a:2:{i:0;s:14:\"_csrf-frontend\";i:1;s:32:\"JRPJSd8QyUP1Kb3c13qWxxWRhrwpVBgI\";}'
    'advanced-frontend' => 'mamm1aisp0p43fc88qvhdnf6h5'
    '_csrf-backend' => '734fec35b1caec6aba1cdff7c7964e8f2995b792030d7bda918ad5b169562c37a:2:{i:0;s:13:\"_csrf-backend\";i:1;s:32:\"gjZI6KVRTyd8JJtKJGLn6sEv24Po9snC\";}'
    'advanced-backend' => '073gshnh1nc1i7vf382lki0hu1'
]

$_SESSION = []

$_SERVER = [
    'HTTP_HOST' => 'frontend.dev'
    'HTTP_ACCEPT' => 'text/html,application/xhtml+xml,application/xml;q=0.9,*/*;q=0.8'
    'HTTP_ACCEPT_ENCODING' => 'gzip, deflate'
    'HTTP_ACCEPT_LANGUAGE' => 'en-us'
    'CONTENT_TYPE' => 'application/x-www-form-urlencoded'
    'HTTP_ORIGIN' => 'http://frontend.dev'
    'HTTP_USER_AGENT' => 'Mozilla/5.0 (Macintosh; Intel Mac OS X 10_12_6) AppleWebKit/603.3.8 (KHTML, like Gecko) Version/10.1.2 Safari/603.3.8'
    'HTTP_CONNECTION' => 'keep-alive'
    'HTTP_UPGRADE_INSECURE_REQUESTS' => '1'
    'HTTP_REFERER' => 'http://frontend.dev/index.php'
    'CONTENT_LENGTH' => '107'
    'HTTP_COOKIE' => '_csrf-frontend=86950a0c7712e50b8d74bcabb14fe89edc59428a306b3fdb8bbc819f2636d983a%3A2%3A%7Bi%3A0%3Bs%3A14%3A%22_csrf-frontend%22%3Bi%3A1%3Bs%3A32%3A%22JRPJSd8QyUP1Kb3c13qWxxWRhrwpVBgI%22%3B%7D; advanced-frontend=mamm1aisp0p43fc88qvhdnf6h5; _csrf-backend=734fec35b1caec6aba1cdff7c7964e8f2995b792030d7bda918ad5b169562c37a%3A2%3A%7Bi%3A0%3Bs%3A13%3A%22_csrf-backend%22%3Bi%3A1%3Bs%3A32%3A%22gjZI6KVRTyd8JJtKJGLn6sEv24Po9snC%22%3B%7D; advanced-backend=073gshnh1nc1i7vf382lki0hu1'
    'PATH' => '/usr/local/sbin:/usr/local/bin:/usr/sbin:/usr/bin:/sbin:/bin'
    'SERVER_SIGNATURE' => '<address>Apache/2.4.7 (Ubuntu) Server at frontend.dev Port 80</address>
'
    'SERVER_SOFTWARE' => 'Apache/2.4.7 (Ubuntu)'
    'SERVER_NAME' => 'frontend.dev'
    'SERVER_ADDR' => '172.18.0.3'
    'SERVER_PORT' => '80'
    'REMOTE_ADDR' => '172.18.0.1'
    'DOCUMENT_ROOT' => '/application/frontend/web'
    'REQUEST_SCHEME' => 'http'
    'CONTEXT_PREFIX' => ''
    'CONTEXT_DOCUMENT_ROOT' => '/application/frontend/web'
    'SERVER_ADMIN' => '[no address given]'
    'SCRIPT_FILENAME' => '/application/frontend/web/index.php'
    'REMOTE_PORT' => '55624'
    'GATEWAY_INTERFACE' => 'CGI/1.1'
    'SERVER_PROTOCOL' => 'HTTP/1.1'
    'REQUEST_METHOD' => 'POST'
    'QUERY_STRING' => 'r=site%2Flogout'
    'REQUEST_URI' => '/index.php?r=site%2Flogout'
    'SCRIPT_NAME' => '/index.php'
    'PHP_SELF' => '/index.php'
    'REQUEST_TIME_FLOAT' => 1526558999.911
    'REQUEST_TIME' => 1526558999
]
2018-05-17 12:10:00 [172.18.0.1][-][-][warning][yii\debug\Module::checkAccess] Access to debugger is denied due to IP address restriction. The requesting IP address is 172.18.0.1
    in /application/frontend/views/layouts/main.php:80
    in /application/frontend/controllers/SiteController.php:75
2018-05-17 12:10:00 [172.18.0.1][-][-][warning][yii\debug\Module::checkAccess] Access to debugger is denied due to IP address restriction. The requesting IP address is 172.18.0.1
2018-05-17 12:10:00 [172.18.0.1][-][-][info][application] $_GET = []

$_POST = []

$_FILES = []

$_COOKIE = [
    'advanced-frontend' => 'gsn0ogpuvfjees9b1v0kevacp1'
    '_csrf-frontend' => '86950a0c7712e50b8d74bcabb14fe89edc59428a306b3fdb8bbc819f2636d983a:2:{i:0;s:14:\"_csrf-frontend\";i:1;s:32:\"JRPJSd8QyUP1Kb3c13qWxxWRhrwpVBgI\";}'
    '_csrf-backend' => '734fec35b1caec6aba1cdff7c7964e8f2995b792030d7bda918ad5b169562c37a:2:{i:0;s:13:\"_csrf-backend\";i:1;s:32:\"gjZI6KVRTyd8JJtKJGLn6sEv24Po9snC\";}'
    'advanced-backend' => '073gshnh1nc1i7vf382lki0hu1'
]

$_SESSION = [
    '__flash' => []
]

$_SERVER = [
    'HTTP_HOST' => 'frontend.dev'
    'HTTP_ORIGIN' => 'http://frontend.dev'
    'HTTP_COOKIE' => 'advanced-frontend=gsn0ogpuvfjees9b1v0kevacp1; _csrf-frontend=86950a0c7712e50b8d74bcabb14fe89edc59428a306b3fdb8bbc819f2636d983a%3A2%3A%7Bi%3A0%3Bs%3A14%3A%22_csrf-frontend%22%3Bi%3A1%3Bs%3A32%3A%22JRPJSd8QyUP1Kb3c13qWxxWRhrwpVBgI%22%3B%7D; _csrf-backend=734fec35b1caec6aba1cdff7c7964e8f2995b792030d7bda918ad5b169562c37a%3A2%3A%7Bi%3A0%3Bs%3A13%3A%22_csrf-backend%22%3Bi%3A1%3Bs%3A32%3A%22gjZI6KVRTyd8JJtKJGLn6sEv24Po9snC%22%3B%7D; advanced-backend=073gshnh1nc1i7vf382lki0hu1'
    'HTTP_CONNECTION' => 'keep-alive'
    'HTTP_UPGRADE_INSECURE_REQUESTS' => '1'
    'HTTP_ACCEPT' => 'text/html,application/xhtml+xml,application/xml;q=0.9,*/*;q=0.8'
    'HTTP_ACCEPT_LANGUAGE' => 'en-us'
    'HTTP_REFERER' => 'http://frontend.dev/index.php'
    'HTTP_ACCEPT_ENCODING' => 'gzip, deflate'
    'HTTP_USER_AGENT' => 'Mozilla/5.0 (Macintosh; Intel Mac OS X 10_12_6) AppleWebKit/603.3.8 (KHTML, like Gecko) Version/10.1.2 Safari/603.3.8'
    'PATH' => '/usr/local/sbin:/usr/local/bin:/usr/sbin:/usr/bin:/sbin:/bin'
    'SERVER_SIGNATURE' => '<address>Apache/2.4.7 (Ubuntu) Server at frontend.dev Port 80</address>
'
    'SERVER_SOFTWARE' => 'Apache/2.4.7 (Ubuntu)'
    'SERVER_NAME' => 'frontend.dev'
    'SERVER_ADDR' => '172.18.0.3'
    'SERVER_PORT' => '80'
    'REMOTE_ADDR' => '172.18.0.1'
    'DOCUMENT_ROOT' => '/application/frontend/web'
    'REQUEST_SCHEME' => 'http'
    'CONTEXT_PREFIX' => ''
    'CONTEXT_DOCUMENT_ROOT' => '/application/frontend/web'
    'SERVER_ADMIN' => '[no address given]'
    'SCRIPT_FILENAME' => '/application/frontend/web/index.php'
    'REMOTE_PORT' => '55624'
    'GATEWAY_INTERFACE' => 'CGI/1.1'
    'SERVER_PROTOCOL' => 'HTTP/1.1'
    'REQUEST_METHOD' => 'GET'
    'QUERY_STRING' => ''
    'REQUEST_URI' => '/index.php'
    'SCRIPT_NAME' => '/index.php'
    'PHP_SELF' => '/index.php'
    'REQUEST_TIME_FLOAT' => 1526559000.187
    'REQUEST_TIME' => 1526559000
]
2018-05-18 10:34:41 [172.18.0.1][-][-][warning][yii\debug\Module::checkAccess] Access to debugger is denied due to IP address restriction. The requesting IP address is 172.18.0.1
    in /application/frontend/views/layouts/main.php:80
    in /application/frontend/controllers/SiteController.php:75
2018-05-18 10:34:41 [172.18.0.1][-][-][warning][yii\debug\Module::checkAccess] Access to debugger is denied due to IP address restriction. The requesting IP address is 172.18.0.1
2018-05-18 10:34:40 [172.18.0.1][-][-][info][application] $_GET = []

$_POST = []

$_FILES = []

$_COOKIE = [
    'advanced-frontend' => 'gsn0ogpuvfjees9b1v0kevacp1'
    '_csrf-frontend' => '86950a0c7712e50b8d74bcabb14fe89edc59428a306b3fdb8bbc819f2636d983a:2:{i:0;s:14:\"_csrf-frontend\";i:1;s:32:\"JRPJSd8QyUP1Kb3c13qWxxWRhrwpVBgI\";}'
    '_csrf-backend' => '734fec35b1caec6aba1cdff7c7964e8f2995b792030d7bda918ad5b169562c37a:2:{i:0;s:13:\"_csrf-backend\";i:1;s:32:\"gjZI6KVRTyd8JJtKJGLn6sEv24Po9snC\";}'
    'advanced-backend' => '073gshnh1nc1i7vf382lki0hu1'
]

$_SESSION = [
    '__flash' => []
]

$_SERVER = [
    'HTTP_HOST' => 'frontend.dev'
    'HTTP_ACCEPT' => 'text/html,application/xhtml+xml,application/xml;q=0.9,*/*;q=0.8'
    'HTTP_UPGRADE_INSECURE_REQUESTS' => '1'
    'HTTP_COOKIE' => 'advanced-frontend=gsn0ogpuvfjees9b1v0kevacp1; _csrf-frontend=86950a0c7712e50b8d74bcabb14fe89edc59428a306b3fdb8bbc819f2636d983a%3A2%3A%7Bi%3A0%3Bs%3A14%3A%22_csrf-frontend%22%3Bi%3A1%3Bs%3A32%3A%22JRPJSd8QyUP1Kb3c13qWxxWRhrwpVBgI%22%3B%7D; _csrf-backend=734fec35b1caec6aba1cdff7c7964e8f2995b792030d7bda918ad5b169562c37a%3A2%3A%7Bi%3A0%3Bs%3A13%3A%22_csrf-backend%22%3Bi%3A1%3Bs%3A32%3A%22gjZI6KVRTyd8JJtKJGLn6sEv24Po9snC%22%3B%7D; advanced-backend=073gshnh1nc1i7vf382lki0hu1'
    'HTTP_USER_AGENT' => 'Mozilla/5.0 (Macintosh; Intel Mac OS X 10_12_6) AppleWebKit/603.3.8 (KHTML, like Gecko) Version/10.1.2 Safari/603.3.8'
    'HTTP_ACCEPT_LANGUAGE' => 'en-us'
    'HTTP_ACCEPT_ENCODING' => 'gzip, deflate'
    'HTTP_CONNECTION' => 'keep-alive'
    'PATH' => '/usr/local/sbin:/usr/local/bin:/usr/sbin:/usr/bin:/sbin:/bin'
    'SERVER_SIGNATURE' => '<address>Apache/2.4.7 (Ubuntu) Server at frontend.dev Port 80</address>
'
    'SERVER_SOFTWARE' => 'Apache/2.4.7 (Ubuntu)'
    'SERVER_NAME' => 'frontend.dev'
    'SERVER_ADDR' => '172.18.0.3'
    'SERVER_PORT' => '80'
    'REMOTE_ADDR' => '172.18.0.1'
    'DOCUMENT_ROOT' => '/application/frontend/web'
    'REQUEST_SCHEME' => 'http'
    'CONTEXT_PREFIX' => ''
    'CONTEXT_DOCUMENT_ROOT' => '/application/frontend/web'
    'SERVER_ADMIN' => '[no address given]'
    'SCRIPT_FILENAME' => '/application/frontend/web/index.php'
    'REMOTE_PORT' => '55664'
    'GATEWAY_INTERFACE' => 'CGI/1.1'
    'SERVER_PROTOCOL' => 'HTTP/1.1'
    'REQUEST_METHOD' => 'GET'
    'QUERY_STRING' => ''
    'REQUEST_URI' => '/'
    'SCRIPT_NAME' => '/index.php'
    'PHP_SELF' => '/index.php'
    'REQUEST_TIME_FLOAT' => 1526639680.468
    'REQUEST_TIME' => 1526639680
]
2018-05-18 10:34:48 [172.18.0.1][-][-][warning][yii\debug\Module::checkAccess] Access to debugger is denied due to IP address restriction. The requesting IP address is 172.18.0.1
    in /application/frontend/views/layouts/main.php:80
    in /application/frontend/controllers/SiteController.php:75
2018-05-18 10:34:48 [172.18.0.1][-][-][warning][yii\debug\Module::checkAccess] Access to debugger is denied due to IP address restriction. The requesting IP address is 172.18.0.1
2018-05-18 10:34:47 [172.18.0.1][-][-][info][application] $_GET = []

$_POST = []

$_FILES = []

$_COOKIE = [
    'advanced-frontend' => 'gsn0ogpuvfjees9b1v0kevacp1'
    '_csrf-frontend' => '86950a0c7712e50b8d74bcabb14fe89edc59428a306b3fdb8bbc819f2636d983a:2:{i:0;s:14:\"_csrf-frontend\";i:1;s:32:\"JRPJSd8QyUP1Kb3c13qWxxWRhrwpVBgI\";}'
    '_csrf-backend' => '734fec35b1caec6aba1cdff7c7964e8f2995b792030d7bda918ad5b169562c37a:2:{i:0;s:13:\"_csrf-backend\";i:1;s:32:\"gjZI6KVRTyd8JJtKJGLn6sEv24Po9snC\";}'
    'advanced-backend' => '073gshnh1nc1i7vf382lki0hu1'
]

$_SESSION = [
    '__flash' => []
]

$_SERVER = [
    'HTTP_HOST' => 'frontend.dev'
    'HTTP_ACCEPT' => 'text/html,application/xhtml+xml,application/xml;q=0.9,*/*;q=0.8'
    'HTTP_UPGRADE_INSECURE_REQUESTS' => '1'
    'HTTP_COOKIE' => 'advanced-frontend=gsn0ogpuvfjees9b1v0kevacp1; _csrf-frontend=86950a0c7712e50b8d74bcabb14fe89edc59428a306b3fdb8bbc819f2636d983a%3A2%3A%7Bi%3A0%3Bs%3A14%3A%22_csrf-frontend%22%3Bi%3A1%3Bs%3A32%3A%22JRPJSd8QyUP1Kb3c13qWxxWRhrwpVBgI%22%3B%7D; _csrf-backend=734fec35b1caec6aba1cdff7c7964e8f2995b792030d7bda918ad5b169562c37a%3A2%3A%7Bi%3A0%3Bs%3A13%3A%22_csrf-backend%22%3Bi%3A1%3Bs%3A32%3A%22gjZI6KVRTyd8JJtKJGLn6sEv24Po9snC%22%3B%7D; advanced-backend=073gshnh1nc1i7vf382lki0hu1'
    'HTTP_USER_AGENT' => 'Mozilla/5.0 (Macintosh; Intel Mac OS X 10_12_6) AppleWebKit/603.3.8 (KHTML, like Gecko) Version/10.1.2 Safari/603.3.8'
    'HTTP_ACCEPT_LANGUAGE' => 'en-us'
    'HTTP_ACCEPT_ENCODING' => 'gzip, deflate'
    'HTTP_CONNECTION' => 'keep-alive'
    'PATH' => '/usr/local/sbin:/usr/local/bin:/usr/sbin:/usr/bin:/sbin:/bin'
    'SERVER_SIGNATURE' => '<address>Apache/2.4.7 (Ubuntu) Server at frontend.dev Port 80</address>
'
    'SERVER_SOFTWARE' => 'Apache/2.4.7 (Ubuntu)'
    'SERVER_NAME' => 'frontend.dev'
    'SERVER_ADDR' => '172.18.0.3'
    'SERVER_PORT' => '80'
    'REMOTE_ADDR' => '172.18.0.1'
    'DOCUMENT_ROOT' => '/application/frontend/web'
    'REQUEST_SCHEME' => 'http'
    'CONTEXT_PREFIX' => ''
    'CONTEXT_DOCUMENT_ROOT' => '/application/frontend/web'
    'SERVER_ADMIN' => '[no address given]'
    'SCRIPT_FILENAME' => '/application/frontend/web/index.php'
    'REMOTE_PORT' => '55680'
    'GATEWAY_INTERFACE' => 'CGI/1.1'
    'SERVER_PROTOCOL' => 'HTTP/1.1'
    'REQUEST_METHOD' => 'GET'
    'QUERY_STRING' => ''
    'REQUEST_URI' => '/'
    'SCRIPT_NAME' => '/index.php'
    'PHP_SELF' => '/index.php'
    'REQUEST_TIME_FLOAT' => 1526639687.678
    'REQUEST_TIME' => 1526639687
]
2018-05-18 10:35:03 [172.18.0.1][-][-][warning][yii\debug\Module::checkAccess] Access to debugger is denied due to IP address restriction. The requesting IP address is 172.18.0.1
    in /application/frontend/views/layouts/main.php:80
    in /application/frontend/controllers/SiteController.php:75
2018-05-18 10:35:03 [172.18.0.1][-][-][warning][yii\debug\Module::checkAccess] Access to debugger is denied due to IP address restriction. The requesting IP address is 172.18.0.1
2018-05-18 10:35:02 [172.18.0.1][-][-][info][application] $_GET = []

$_POST = []

$_FILES = []

$_COOKIE = [
    'advanced-frontend' => 'gsn0ogpuvfjees9b1v0kevacp1'
    '_csrf-frontend' => '86950a0c7712e50b8d74bcabb14fe89edc59428a306b3fdb8bbc819f2636d983a:2:{i:0;s:14:\"_csrf-frontend\";i:1;s:32:\"JRPJSd8QyUP1Kb3c13qWxxWRhrwpVBgI\";}'
    '_csrf-backend' => '734fec35b1caec6aba1cdff7c7964e8f2995b792030d7bda918ad5b169562c37a:2:{i:0;s:13:\"_csrf-backend\";i:1;s:32:\"gjZI6KVRTyd8JJtKJGLn6sEv24Po9snC\";}'
    'advanced-backend' => '073gshnh1nc1i7vf382lki0hu1'
]

$_SESSION = [
    '__flash' => []
]

$_SERVER = [
    'HTTP_HOST' => 'frontend.dev'
    'HTTP_ACCEPT' => 'text/html,application/xhtml+xml,application/xml;q=0.9,*/*;q=0.8'
    'HTTP_UPGRADE_INSECURE_REQUESTS' => '1'
    'HTTP_COOKIE' => 'advanced-frontend=gsn0ogpuvfjees9b1v0kevacp1; _csrf-frontend=86950a0c7712e50b8d74bcabb14fe89edc59428a306b3fdb8bbc819f2636d983a%3A2%3A%7Bi%3A0%3Bs%3A14%3A%22_csrf-frontend%22%3Bi%3A1%3Bs%3A32%3A%22JRPJSd8QyUP1Kb3c13qWxxWRhrwpVBgI%22%3B%7D; _csrf-backend=734fec35b1caec6aba1cdff7c7964e8f2995b792030d7bda918ad5b169562c37a%3A2%3A%7Bi%3A0%3Bs%3A13%3A%22_csrf-backend%22%3Bi%3A1%3Bs%3A32%3A%22gjZI6KVRTyd8JJtKJGLn6sEv24Po9snC%22%3B%7D; advanced-backend=073gshnh1nc1i7vf382lki0hu1'
    'HTTP_USER_AGENT' => 'Mozilla/5.0 (Macintosh; Intel Mac OS X 10_12_6) AppleWebKit/603.3.8 (KHTML, like Gecko) Version/10.1.2 Safari/603.3.8'
    'HTTP_ACCEPT_LANGUAGE' => 'en-us'
    'HTTP_ACCEPT_ENCODING' => 'gzip, deflate'
    'HTTP_CONNECTION' => 'keep-alive'
    'PATH' => '/usr/local/sbin:/usr/local/bin:/usr/sbin:/usr/bin:/sbin:/bin'
    'SERVER_SIGNATURE' => '<address>Apache/2.4.7 (Ubuntu) Server at frontend.dev Port 80</address>
'
    'SERVER_SOFTWARE' => 'Apache/2.4.7 (Ubuntu)'
    'SERVER_NAME' => 'frontend.dev'
    'SERVER_ADDR' => '172.18.0.3'
    'SERVER_PORT' => '80'
    'REMOTE_ADDR' => '172.18.0.1'
    'DOCUMENT_ROOT' => '/application/frontend/web'
    'REQUEST_SCHEME' => 'http'
    'CONTEXT_PREFIX' => ''
    'CONTEXT_DOCUMENT_ROOT' => '/application/frontend/web'
    'SERVER_ADMIN' => '[no address given]'
    'SCRIPT_FILENAME' => '/application/frontend/web/index.php'
    'REMOTE_PORT' => '55684'
    'GATEWAY_INTERFACE' => 'CGI/1.1'
    'SERVER_PROTOCOL' => 'HTTP/1.1'
    'REQUEST_METHOD' => 'GET'
    'QUERY_STRING' => ''
    'REQUEST_URI' => '/'
    'SCRIPT_NAME' => '/index.php'
    'PHP_SELF' => '/index.php'
    'REQUEST_TIME_FLOAT' => 1526639702.627
    'REQUEST_TIME' => 1526639702
]
2018-05-18 11:21:57 [172.18.0.1][-][-][warning][yii\debug\Module::checkAccess] Access to debugger is denied due to IP address restriction. The requesting IP address is 172.18.0.1
    in /application/frontend/views/layouts/main.php:80
    in /application/frontend/controllers/SiteController.php:75
2018-05-18 11:21:57 [172.18.0.1][-][-][warning][yii\debug\Module::checkAccess] Access to debugger is denied due to IP address restriction. The requesting IP address is 172.18.0.1
2018-05-18 11:21:56 [172.18.0.1][-][-][info][application] $_GET = []

$_POST = []

$_FILES = []

$_COOKIE = [
    'advanced-frontend' => 'gsn0ogpuvfjees9b1v0kevacp1'
    '_csrf-frontend' => '86950a0c7712e50b8d74bcabb14fe89edc59428a306b3fdb8bbc819f2636d983a:2:{i:0;s:14:\"_csrf-frontend\";i:1;s:32:\"JRPJSd8QyUP1Kb3c13qWxxWRhrwpVBgI\";}'
    '_csrf-backend' => '734fec35b1caec6aba1cdff7c7964e8f2995b792030d7bda918ad5b169562c37a:2:{i:0;s:13:\"_csrf-backend\";i:1;s:32:\"gjZI6KVRTyd8JJtKJGLn6sEv24Po9snC\";}'
    'advanced-backend' => '073gshnh1nc1i7vf382lki0hu1'
]

$_SESSION = [
    '__flash' => []
]

$_SERVER = [
    'HTTP_HOST' => 'frontend.dev'
    'HTTP_ACCEPT' => 'text/html,application/xhtml+xml,application/xml;q=0.9,*/*;q=0.8'
    'HTTP_UPGRADE_INSECURE_REQUESTS' => '1'
    'HTTP_COOKIE' => 'advanced-frontend=gsn0ogpuvfjees9b1v0kevacp1; _csrf-frontend=86950a0c7712e50b8d74bcabb14fe89edc59428a306b3fdb8bbc819f2636d983a%3A2%3A%7Bi%3A0%3Bs%3A14%3A%22_csrf-frontend%22%3Bi%3A1%3Bs%3A32%3A%22JRPJSd8QyUP1Kb3c13qWxxWRhrwpVBgI%22%3B%7D; _csrf-backend=734fec35b1caec6aba1cdff7c7964e8f2995b792030d7bda918ad5b169562c37a%3A2%3A%7Bi%3A0%3Bs%3A13%3A%22_csrf-backend%22%3Bi%3A1%3Bs%3A32%3A%22gjZI6KVRTyd8JJtKJGLn6sEv24Po9snC%22%3B%7D; advanced-backend=073gshnh1nc1i7vf382lki0hu1'
    'HTTP_USER_AGENT' => 'Mozilla/5.0 (Macintosh; Intel Mac OS X 10_12_6) AppleWebKit/603.3.8 (KHTML, like Gecko) Version/10.1.2 Safari/603.3.8'
    'HTTP_ACCEPT_LANGUAGE' => 'en-us'
    'HTTP_ACCEPT_ENCODING' => 'gzip, deflate'
    'HTTP_CONNECTION' => 'keep-alive'
    'PATH' => '/usr/local/sbin:/usr/local/bin:/usr/sbin:/usr/bin:/sbin:/bin'
    'SERVER_SIGNATURE' => '<address>Apache/2.4.7 (Ubuntu) Server at frontend.dev Port 80</address>
'
    'SERVER_SOFTWARE' => 'Apache/2.4.7 (Ubuntu)'
    'SERVER_NAME' => 'frontend.dev'
    'SERVER_ADDR' => '172.18.0.4'
    'SERVER_PORT' => '80'
    'REMOTE_ADDR' => '172.18.0.1'
    'DOCUMENT_ROOT' => '/application/frontend/web'
    'REQUEST_SCHEME' => 'http'
    'CONTEXT_PREFIX' => ''
    'CONTEXT_DOCUMENT_ROOT' => '/application/frontend/web'
    'SERVER_ADMIN' => '[no address given]'
    'SCRIPT_FILENAME' => '/application/frontend/web/index.php'
    'REMOTE_PORT' => '59968'
    'GATEWAY_INTERFACE' => 'CGI/1.1'
    'SERVER_PROTOCOL' => 'HTTP/1.1'
    'REQUEST_METHOD' => 'GET'
    'QUERY_STRING' => ''
    'REQUEST_URI' => '/'
    'SCRIPT_NAME' => '/index.php'
    'PHP_SELF' => '/index.php'
    'REQUEST_TIME_FLOAT' => 1526642516.555
    'REQUEST_TIME' => 1526642516
]
2018-05-18 11:41:13 [172.18.0.1][-][-][warning][yii\debug\Module::checkAccess] Access to debugger is denied due to IP address restriction. The requesting IP address is 172.18.0.1
    in /application/frontend/views/layouts/main.php:80
    in /application/frontend/controllers/SiteController.php:75
2018-05-18 11:41:13 [172.18.0.1][-][-][warning][yii\debug\Module::checkAccess] Access to debugger is denied due to IP address restriction. The requesting IP address is 172.18.0.1
2018-05-18 11:41:12 [172.18.0.1][-][-][info][application] $_GET = []

$_POST = []

$_FILES = []

$_COOKIE = [
    'advanced-frontend' => 'gsn0ogpuvfjees9b1v0kevacp1'
    '_csrf-frontend' => '86950a0c7712e50b8d74bcabb14fe89edc59428a306b3fdb8bbc819f2636d983a:2:{i:0;s:14:\"_csrf-frontend\";i:1;s:32:\"JRPJSd8QyUP1Kb3c13qWxxWRhrwpVBgI\";}'
    '_csrf-backend' => '734fec35b1caec6aba1cdff7c7964e8f2995b792030d7bda918ad5b169562c37a:2:{i:0;s:13:\"_csrf-backend\";i:1;s:32:\"gjZI6KVRTyd8JJtKJGLn6sEv24Po9snC\";}'
    'advanced-backend' => '073gshnh1nc1i7vf382lki0hu1'
]

$_SESSION = [
    '__flash' => []
]

$_SERVER = [
    'HTTP_HOST' => 'frontend.dev'
    'HTTP_ACCEPT' => 'text/html,application/xhtml+xml,application/xml;q=0.9,*/*;q=0.8'
    'HTTP_UPGRADE_INSECURE_REQUESTS' => '1'
    'HTTP_COOKIE' => 'advanced-frontend=gsn0ogpuvfjees9b1v0kevacp1; _csrf-frontend=86950a0c7712e50b8d74bcabb14fe89edc59428a306b3fdb8bbc819f2636d983a%3A2%3A%7Bi%3A0%3Bs%3A14%3A%22_csrf-frontend%22%3Bi%3A1%3Bs%3A32%3A%22JRPJSd8QyUP1Kb3c13qWxxWRhrwpVBgI%22%3B%7D; _csrf-backend=734fec35b1caec6aba1cdff7c7964e8f2995b792030d7bda918ad5b169562c37a%3A2%3A%7Bi%3A0%3Bs%3A13%3A%22_csrf-backend%22%3Bi%3A1%3Bs%3A32%3A%22gjZI6KVRTyd8JJtKJGLn6sEv24Po9snC%22%3B%7D; advanced-backend=073gshnh1nc1i7vf382lki0hu1'
    'HTTP_USER_AGENT' => 'Mozilla/5.0 (Macintosh; Intel Mac OS X 10_12_6) AppleWebKit/603.3.8 (KHTML, like Gecko) Version/10.1.2 Safari/603.3.8'
    'HTTP_ACCEPT_LANGUAGE' => 'en-us'
    'HTTP_ACCEPT_ENCODING' => 'gzip, deflate'
    'HTTP_CONNECTION' => 'keep-alive'
    'PATH' => '/usr/local/sbin:/usr/local/bin:/usr/sbin:/usr/bin:/sbin:/bin'
    'SERVER_SIGNATURE' => '<address>Apache/2.4.7 (Ubuntu) Server at frontend.dev Port 80</address>
'
    'SERVER_SOFTWARE' => 'Apache/2.4.7 (Ubuntu)'
    'SERVER_NAME' => 'frontend.dev'
    'SERVER_ADDR' => '172.18.0.4'
    'SERVER_PORT' => '80'
    'REMOTE_ADDR' => '172.18.0.1'
    'DOCUMENT_ROOT' => '/application/frontend/web'
    'REQUEST_SCHEME' => 'http'
    'CONTEXT_PREFIX' => ''
    'CONTEXT_DOCUMENT_ROOT' => '/application/frontend/web'
    'SERVER_ADMIN' => '[no address given]'
    'SCRIPT_FILENAME' => '/application/frontend/web/index.php'
    'REMOTE_PORT' => '60010'
    'GATEWAY_INTERFACE' => 'CGI/1.1'
    'SERVER_PROTOCOL' => 'HTTP/1.1'
    'REQUEST_METHOD' => 'GET'
    'QUERY_STRING' => ''
    'REQUEST_URI' => '/'
    'SCRIPT_NAME' => '/index.php'
    'PHP_SELF' => '/index.php'
    'REQUEST_TIME_FLOAT' => 1526643672.67
    'REQUEST_TIME' => 1526643672
]
2018-05-20 09:56:19 [172.18.0.1][-][-][warning][yii\debug\Module::checkAccess] Access to debugger is denied due to IP address restriction. The requesting IP address is 172.18.0.1
    in /application/frontend/views/layouts/main.php:80
    in /application/frontend/controllers/SiteController.php:75
2018-05-20 09:56:19 [172.18.0.1][-][-][warning][yii\debug\Module::checkAccess] Access to debugger is denied due to IP address restriction. The requesting IP address is 172.18.0.1
2018-05-20 09:56:18 [172.18.0.1][-][-][info][application] $_GET = []

$_POST = []

$_FILES = []

$_COOKIE = [
    'advanced-frontend' => 'gsn0ogpuvfjees9b1v0kevacp1'
    '_csrf-frontend' => '86950a0c7712e50b8d74bcabb14fe89edc59428a306b3fdb8bbc819f2636d983a:2:{i:0;s:14:\"_csrf-frontend\";i:1;s:32:\"JRPJSd8QyUP1Kb3c13qWxxWRhrwpVBgI\";}'
    '_csrf-backend' => '734fec35b1caec6aba1cdff7c7964e8f2995b792030d7bda918ad5b169562c37a:2:{i:0;s:13:\"_csrf-backend\";i:1;s:32:\"gjZI6KVRTyd8JJtKJGLn6sEv24Po9snC\";}'
    'advanced-backend' => '073gshnh1nc1i7vf382lki0hu1'
]

$_SESSION = [
    '__flash' => []
]

$_SERVER = [
    'HTTP_HOST' => 'frontend.dev'
    'HTTP_ACCEPT' => 'text/html,application/xhtml+xml,application/xml;q=0.9,*/*;q=0.8'
    'HTTP_UPGRADE_INSECURE_REQUESTS' => '1'
    'HTTP_COOKIE' => 'advanced-frontend=gsn0ogpuvfjees9b1v0kevacp1; _csrf-frontend=86950a0c7712e50b8d74bcabb14fe89edc59428a306b3fdb8bbc819f2636d983a%3A2%3A%7Bi%3A0%3Bs%3A14%3A%22_csrf-frontend%22%3Bi%3A1%3Bs%3A32%3A%22JRPJSd8QyUP1Kb3c13qWxxWRhrwpVBgI%22%3B%7D; _csrf-backend=734fec35b1caec6aba1cdff7c7964e8f2995b792030d7bda918ad5b169562c37a%3A2%3A%7Bi%3A0%3Bs%3A13%3A%22_csrf-backend%22%3Bi%3A1%3Bs%3A32%3A%22gjZI6KVRTyd8JJtKJGLn6sEv24Po9snC%22%3B%7D; advanced-backend=073gshnh1nc1i7vf382lki0hu1'
    'HTTP_USER_AGENT' => 'Mozilla/5.0 (Macintosh; Intel Mac OS X 10_12_6) AppleWebKit/603.3.8 (KHTML, like Gecko) Version/10.1.2 Safari/603.3.8'
    'HTTP_ACCEPT_LANGUAGE' => 'en-us'
    'HTTP_ACCEPT_ENCODING' => 'gzip, deflate'
    'HTTP_CONNECTION' => 'keep-alive'
    'PATH' => '/usr/local/sbin:/usr/local/bin:/usr/sbin:/usr/bin:/sbin:/bin'
    'SERVER_SIGNATURE' => '<address>Apache/2.4.7 (Ubuntu) Server at frontend.dev Port 80</address>
'
    'SERVER_SOFTWARE' => 'Apache/2.4.7 (Ubuntu)'
    'SERVER_NAME' => 'frontend.dev'
    'SERVER_ADDR' => '172.18.0.2'
    'SERVER_PORT' => '80'
    'REMOTE_ADDR' => '172.18.0.1'
    'DOCUMENT_ROOT' => '/application/frontend/web'
    'REQUEST_SCHEME' => 'http'
    'CONTEXT_PREFIX' => ''
    'CONTEXT_DOCUMENT_ROOT' => '/application/frontend/web'
    'SERVER_ADMIN' => '[no address given]'
    'SCRIPT_FILENAME' => '/application/frontend/web/index.php'
    'REMOTE_PORT' => '37486'
    'GATEWAY_INTERFACE' => 'CGI/1.1'
    'SERVER_PROTOCOL' => 'HTTP/1.1'
    'REQUEST_METHOD' => 'GET'
    'QUERY_STRING' => ''
    'REQUEST_URI' => '/'
    'SCRIPT_NAME' => '/index.php'
    'PHP_SELF' => '/index.php'
    'REQUEST_TIME_FLOAT' => 1526810178.097
    'REQUEST_TIME' => 1526810178
]
2018-05-20 10:40:32 [172.18.0.1][-][-][warning][yii\debug\Module::checkAccess] Access to debugger is denied due to IP address restriction. The requesting IP address is 172.18.0.1
    in /application/frontend/views/layouts/main.php:80
    in /application/frontend/controllers/SiteController.php:75
2018-05-20 10:40:32 [172.18.0.1][-][-][warning][yii\debug\Module::checkAccess] Access to debugger is denied due to IP address restriction. The requesting IP address is 172.18.0.1
2018-05-20 10:40:32 [172.18.0.1][-][-][info][application] $_GET = []

$_POST = []

$_FILES = []

$_COOKIE = []

$_SESSION = [
    '__flash' => []
]

$_SERVER = [
    'HTTP_HOST' => 'frontend.dev'
    'HTTP_CONNECTION' => 'keep-alive'
    'HTTP_UPGRADE_INSECURE_REQUESTS' => '1'
    'HTTP_ACCEPT' => 'text/html,application/xhtml+xml,application/xml;q=0.9,*/*;q=0.8'
    'HTTP_USER_AGENT' => 'Mozilla/5.0 (Macintosh; Intel Mac OS X 10_12_6) AppleWebKit/603.3.8 (KHTML, like Gecko)'
    'HTTP_ACCEPT_LANGUAGE' => 'en-us'
    'HTTP_DNT' => '1'
    'HTTP_ACCEPT_ENCODING' => 'gzip, deflate'
    'PATH' => '/usr/local/sbin:/usr/local/bin:/usr/sbin:/usr/bin:/sbin:/bin'
    'SERVER_SIGNATURE' => '<address>Apache/2.4.7 (Ubuntu) Server at frontend.dev Port 80</address>
'
    'SERVER_SOFTWARE' => 'Apache/2.4.7 (Ubuntu)'
    'SERVER_NAME' => 'frontend.dev'
    'SERVER_ADDR' => '172.18.0.2'
    'SERVER_PORT' => '80'
    'REMOTE_ADDR' => '172.18.0.1'
    'DOCUMENT_ROOT' => '/application/frontend/web'
    'REQUEST_SCHEME' => 'http'
    'CONTEXT_PREFIX' => ''
    'CONTEXT_DOCUMENT_ROOT' => '/application/frontend/web'
    'SERVER_ADMIN' => '[no address given]'
    'SCRIPT_FILENAME' => '/application/frontend/web/index.php'
    'REMOTE_PORT' => '37500'
    'GATEWAY_INTERFACE' => 'CGI/1.1'
    'SERVER_PROTOCOL' => 'HTTP/1.1'
    'REQUEST_METHOD' => 'GET'
    'QUERY_STRING' => ''
    'REQUEST_URI' => '/'
    'SCRIPT_NAME' => '/index.php'
    'PHP_SELF' => '/index.php'
    'REQUEST_TIME_FLOAT' => 1526812832.365
    'REQUEST_TIME' => 1526812832
]
2018-05-20 10:40:32 [172.18.0.1][-][-][warning][yii\debug\Module::checkAccess] Access to debugger is denied due to IP address restriction. The requesting IP address is 172.18.0.1
    in /application/frontend/views/layouts/main.php:80
    in /application/frontend/controllers/SiteController.php:75
2018-05-20 10:40:32 [172.18.0.1][-][-][warning][yii\debug\Module::checkAccess] Access to debugger is denied due to IP address restriction. The requesting IP address is 172.18.0.1
2018-05-20 10:40:32 [172.18.0.1][-][-][info][application] $_GET = []

$_POST = []

$_FILES = []

$_COOKIE = []

$_SESSION = [
    '__flash' => []
]

$_SERVER = [
    'HTTP_HOST' => 'frontend.dev'
    'HTTP_CONNECTION' => 'keep-alive'
    'HTTP_UPGRADE_INSECURE_REQUESTS' => '1'
    'HTTP_ACCEPT' => 'text/html,application/xhtml+xml,application/xml;q=0.9,*/*;q=0.8'
    'HTTP_USER_AGENT' => 'Mozilla/5.0 (iPhone; CPU iPhone OS 10_0 like Mac OS X) AppleWebKit/602.1.38 (KHTML, like Gecko) Version/10.0 Mobile/14A300 Safari/602.1'
    'HTTP_ACCEPT_LANGUAGE' => 'en-us'
    'HTTP_DNT' => '1'
    'HTTP_ACCEPT_ENCODING' => 'gzip, deflate'
    'PATH' => '/usr/local/sbin:/usr/local/bin:/usr/sbin:/usr/bin:/sbin:/bin'
    'SERVER_SIGNATURE' => '<address>Apache/2.4.7 (Ubuntu) Server at frontend.dev Port 80</address>
'
    'SERVER_SOFTWARE' => 'Apache/2.4.7 (Ubuntu)'
    'SERVER_NAME' => 'frontend.dev'
    'SERVER_ADDR' => '172.18.0.2'
    'SERVER_PORT' => '80'
    'REMOTE_ADDR' => '172.18.0.1'
    'DOCUMENT_ROOT' => '/application/frontend/web'
    'REQUEST_SCHEME' => 'http'
    'CONTEXT_PREFIX' => ''
    'CONTEXT_DOCUMENT_ROOT' => '/application/frontend/web'
    'SERVER_ADMIN' => '[no address given]'
    'SCRIPT_FILENAME' => '/application/frontend/web/index.php'
    'REMOTE_PORT' => '37500'
    'GATEWAY_INTERFACE' => 'CGI/1.1'
    'SERVER_PROTOCOL' => 'HTTP/1.1'
    'REQUEST_METHOD' => 'GET'
    'QUERY_STRING' => ''
    'REQUEST_URI' => '/'
    'SCRIPT_NAME' => '/index.php'
    'PHP_SELF' => '/index.php'
    'REQUEST_TIME_FLOAT' => 1526812832.885
    'REQUEST_TIME' => 1526812832
]
2018-05-21 07:12:09 [172.18.0.1][-][-][warning][yii\debug\Module::checkAccess] Access to debugger is denied due to IP address restriction. The requesting IP address is 172.18.0.1
    in /application/frontend/views/layouts/main.php:80
    in /application/frontend/controllers/SiteController.php:75
2018-05-21 07:12:09 [172.18.0.1][-][-][warning][yii\debug\Module::checkAccess] Access to debugger is denied due to IP address restriction. The requesting IP address is 172.18.0.1
2018-05-21 07:12:08 [172.18.0.1][-][-][info][application] $_GET = []

$_POST = []

$_FILES = []

$_COOKIE = []

$_SESSION = [
    '__flash' => []
]

$_SERVER = [
    'HTTP_HOST' => 'frontend.dev'
    'HTTP_UPGRADE_INSECURE_REQUESTS' => '1'
    'HTTP_ACCEPT' => 'text/html,application/xhtml+xml,application/xml;q=0.9,*/*;q=0.8'
    'HTTP_USER_AGENT' => 'Mozilla/5.0 (Macintosh; Intel Mac OS X 10_12_6) AppleWebKit/603.3.8 (KHTML, like Gecko) Version/10.1.2 Safari/603.3.8'
    'HTTP_ACCEPT_LANGUAGE' => 'en-us'
    'HTTP_ACCEPT_ENCODING' => 'gzip, deflate'
    'HTTP_CONNECTION' => 'keep-alive'
    'PATH' => '/usr/local/sbin:/usr/local/bin:/usr/sbin:/usr/bin:/sbin:/bin'
    'SERVER_SIGNATURE' => '<address>Apache/2.4.7 (Ubuntu) Server at frontend.dev Port 80</address>
'
    'SERVER_SOFTWARE' => 'Apache/2.4.7 (Ubuntu)'
    'SERVER_NAME' => 'frontend.dev'
    'SERVER_ADDR' => '172.18.0.4'
    'SERVER_PORT' => '80'
    'REMOTE_ADDR' => '172.18.0.1'
    'DOCUMENT_ROOT' => '/application/frontend/web'
    'REQUEST_SCHEME' => 'http'
    'CONTEXT_PREFIX' => ''
    'CONTEXT_DOCUMENT_ROOT' => '/application/frontend/web'
    'SERVER_ADMIN' => '[no address given]'
    'SCRIPT_FILENAME' => '/application/frontend/web/index.php'
    'REMOTE_PORT' => '56126'
    'GATEWAY_INTERFACE' => 'CGI/1.1'
    'SERVER_PROTOCOL' => 'HTTP/1.1'
    'REQUEST_METHOD' => 'GET'
    'QUERY_STRING' => ''
    'REQUEST_URI' => '/'
    'SCRIPT_NAME' => '/index.php'
    'PHP_SELF' => '/index.php'
    'REQUEST_TIME_FLOAT' => 1526886728.479
    'REQUEST_TIME' => 1526886728
]
